Compiling the C compiler identification source file "CMakeCCompilerId.c" failed.
Compiler: C:/Program Files (x86)/CodeBlocks/MinGW/bin/gcc.exe 
Build flags: 
Id flags:  

The output was:
1


Compiling the C compiler identification source file "CMakeCCompilerId.c" failed.
Compiler: C:/Program Files (x86)/CodeBlocks/MinGW/bin/gcc.exe 
Build flags: 
Id flags: -c 

The output was:
1


Compiling the C compiler identification source file "CMakeCCompilerId.c" failed.
Compiler: C:/Program Files (x86)/CodeBlocks/MinGW/bin/gcc.exe 
Build flags: 
Id flags: -Aa 

The output was:
1
<command-line>:0:1: error: missing '(' after predicate


Compiling the C compiler identification source file "CMakeCCompilerId.c" failed.
Compiler: C:/Program Files (x86)/CodeBlocks/MinGW/bin/gcc.exe 
Build flags: 
Id flags: -D__CLASSIC_C__ 

The output was:
1


Compiling the C compiler identification source file "CMakeCCompilerId.c" failed.
Compiler: C:/Program Files (x86)/CodeBlocks/MinGW/bin/gcc.exe 
Build flags: 
Id flags: --target=arm-arm-none-eabi;-mcpu=cortex-m3 

The output was:
1
gcc.exe: warning: '-mcpu=' is deprecated; use '-mtune=' or '-march=' instead
cc1.exe: warning: command line option '-ftarget=arm-arm-none-eabi' is valid for Java but not for C
CMakeCCompilerId.c:1:0: error: bad value (cortex-m3) for -mtune= switch
 #ifdef __cplusplus
 ^


Compiling the C compiler identification source file "CMakeCCompilerId.c" failed.
Compiler: C:/Program Files (x86)/CodeBlocks/MinGW/bin/gcc.exe 
Build flags: 
Id flags: -c;-I__does_not_exist__ 

The output was:
1


Compiling the C compiler identification source file "CMakeCCompilerId.c" failed.
Compiler: C:/Program Files (x86)/CodeBlocks/MinGW/bin/gcc.exe 
Build flags: 
Id flags:  

The output was:
1


Compiling the C compiler identification source file "CMakeCCompilerId.c" failed.
Compiler: C:/Program Files (x86)/CodeBlocks/MinGW/bin/gcc.exe 
Build flags: 
Id flags: -c 

The output was:
1


Compiling the C compiler identification source file "CMakeCCompilerId.c" failed.
Compiler: C:/Program Files (x86)/CodeBlocks/MinGW/bin/gcc.exe 
Build flags: 
Id flags: -Aa 

The output was:
1
<command-line>:0:1: error: missing '(' after predicate


Compiling the C compiler identification source file "CMakeCCompilerId.c" failed.
Compiler: C:/Program Files (x86)/CodeBlocks/MinGW/bin/gcc.exe 
Build flags: 
Id flags: -D__CLASSIC_C__ 

The output was:
1


Compiling the C compiler identification source file "CMakeCCompilerId.c" failed.
Compiler: C:/Program Files (x86)/CodeBlocks/MinGW/bin/gcc.exe 
Build flags: 
Id flags: --target=arm-arm-none-eabi;-mcpu=cortex-m3 

The output was:
1
gcc.exe: warning: '-mcpu=' is deprecated; use '-mtune=' or '-march=' instead
cc1.exe: warning: command line option '-ftarget=arm-arm-none-eabi' is valid for Java but not for C
CMakeCCompilerId.c:1:0: error: bad value (cortex-m3) for -mtune= switch
 #ifdef __cplusplus
 ^


Compiling the C compiler identification source file "CMakeCCompilerId.c" failed.
Compiler: C:/Program Files (x86)/CodeBlocks/MinGW/bin/gcc.exe 
Build flags: 
Id flags: -c;-I__does_not_exist__ 

The output was:
1


Checking whether the C compiler is IAR using "" did not match "IAR .+ Compiler":
gcc.exe: fatal error: no input files
compilation terminated.
Checking whether the C compiler is IAR using "" did not match "IAR .+ Compiler":
gcc.exe: fatal error: no input files
compilation terminated.
Compiling the CXX compiler identification source file "CMakeCXXCompilerId.cpp" failed.
Compiler: C:/Program Files (x86)/CodeBlocks/MinGW/bin/g++.exe 
Build flags: 
Id flags:  

The output was:
1


Compiling the CXX compiler identification source file "CMakeCXXCompilerId.cpp" failed.
Compiler: C:/Program Files (x86)/CodeBlocks/MinGW/bin/g++.exe 
Build flags: 
Id flags: -c 

The output was:
1


Compiling the CXX compiler identification source file "CMakeCXXCompilerId.cpp" failed.
Compiler: C:/Program Files (x86)/CodeBlocks/MinGW/bin/g++.exe 
Build flags: 
Id flags: --c++ 

The output was:
1
g++.exe: error: unrecognized command line option '--c++'


Compiling the CXX compiler identification source file "CMakeCXXCompilerId.cpp" failed.
Compiler: C:/Program Files (x86)/CodeBlocks/MinGW/bin/g++.exe 
Build flags: 
Id flags: --ec++ 

The output was:
1
g++.exe: error: unrecognized command line option '--ec++'


Compiling the CXX compiler identification source file "CMakeCXXCompilerId.cpp" failed.
Compiler: C:/Program Files (x86)/CodeBlocks/MinGW/bin/g++.exe 
Build flags: 
Id flags: --target=arm-arm-none-eabi;-mcpu=cortex-m3 

The output was:
1
g++.exe: warning: '-mcpu=' is deprecated; use '-mtune=' or '-march=' instead
cc1plus.exe: warning: command line option '-ftarget=arm-arm-none-eabi' is valid for Java but not for C++
CMakeCXXCompilerId.cpp:1:0: error: bad value (cortex-m3) for -mtune= switch
 /* This source file must have a .cpp extension so that all C++ compilers
 ^


Compiling the CXX compiler identification source file "CMakeCXXCompilerId.cpp" failed.
Compiler: C:/Program Files (x86)/CodeBlocks/MinGW/bin/g++.exe 
Build flags: 
Id flags: -c;-I__does_not_exist__ 

The output was:
1


Compiling the CXX compiler identification source file "CMakeCXXCompilerId.cpp" failed.
Compiler: C:/Program Files (x86)/CodeBlocks/MinGW/bin/g++.exe 
Build flags: 
Id flags:  

The output was:
1


Compiling the CXX compiler identification source file "CMakeCXXCompilerId.cpp" failed.
Compiler: C:/Program Files (x86)/CodeBlocks/MinGW/bin/g++.exe 
Build flags: 
Id flags: -c 

The output was:
1


Compiling the CXX compiler identification source file "CMakeCXXCompilerId.cpp" failed.
Compiler: C:/Program Files (x86)/CodeBlocks/MinGW/bin/g++.exe 
Build flags: 
Id flags: --c++ 

The output was:
1
g++.exe: error: unrecognized command line option '--c++'


Compiling the CXX compiler identification source file "CMakeCXXCompilerId.cpp" failed.
Compiler: C:/Program Files (x86)/CodeBlocks/MinGW/bin/g++.exe 
Build flags: 
Id flags: --ec++ 

The output was:
1
g++.exe: error: unrecognized command line option '--ec++'


Compiling the CXX compiler identification source file "CMakeCXXCompilerId.cpp" failed.
Compiler: C:/Program Files (x86)/CodeBlocks/MinGW/bin/g++.exe 
Build flags: 
Id flags: --target=arm-arm-none-eabi;-mcpu=cortex-m3 

The output was:
1
g++.exe: warning: '-mcpu=' is deprecated; use '-mtune=' or '-march=' instead
cc1plus.exe: warning: command line option '-ftarget=arm-arm-none-eabi' is valid for Java but not for C++
CMakeCXXCompilerId.cpp:1:0: error: bad value (cortex-m3) for -mtune= switch
 /* This source file must have a .cpp extension so that all C++ compilers
 ^


Compiling the CXX compiler identification source file "CMakeCXXCompilerId.cpp" failed.
Compiler: C:/Program Files (x86)/CodeBlocks/MinGW/bin/g++.exe 
Build flags: 
Id flags: -c;-I__does_not_exist__ 

The output was:
1


Checking whether the CXX compiler is IAR using "" did not match "IAR .+ Compiler":
g++.exe: fatal error: no input files
compilation terminated.
Checking whether the CXX compiler is IAR using "" did not match "IAR .+ Compiler":
g++.exe: fatal error: no input files
compilation terminated.
Detecting C compiler ABI info failed to compile with the following output:
Change Dir: D:/github/Dangerous-Dave-2-Modification-Edition/Engines/TGUI-0.9/build/CMakeFiles/CMakeTmp

Run Build Command(s):C:/PROGRA~2/CODEBL~1/MinGW/bin/mingw32-make.exe -f Makefile cmTC_fc0f8/fast && C:/PROGRA~2/CODEBL~1/MinGW/bin/mingw32-make.exe  -f CMakeFiles\cmTC_fc0f8.dir\build.make CMakeFiles/cmTC_fc0f8.dir/build
mingw32-make.exe[1]: Entering directory 'D:/github/Dangerous-Dave-2-Modification-Edition/Engines/TGUI-0.9/build/CMakeFiles/CMakeTmp'
Building C object CMakeFiles/cmTC_fc0f8.dir/CMakeCCompilerABI.c.obj
C:\PROGRA~2\CODEBL~1\MinGW\bin\gcc.exe    -o CMakeFiles\cmTC_fc0f8.dir\CMakeCCompilerABI.c.obj -c "C:\Program Files\CMake\share\cmake-3.22\Modules\CMakeCCompilerABI.c"
CMakeFiles\cmTC_fc0f8.dir\build.make:76: recipe for target 'CMakeFiles/cmTC_fc0f8.dir/CMakeCCompilerABI.c.obj' failed
mingw32-make.exe[1]: *** [CMakeFiles/cmTC_fc0f8.dir/CMakeCCompilerABI.c.obj] Error 1
mingw32-make.exe[1]: Leaving directory 'D:/github/Dangerous-Dave-2-Modification-Edition/Engines/TGUI-0.9/build/CMakeFiles/CMakeTmp'
Makefile:126: recipe for target 'cmTC_fc0f8/fast' failed
mingw32-make.exe: *** [cmTC_fc0f8/fast] Error 2




